{"E:\\PROJECTS\\wongames\\src\\data\\useCases\\db-add-lesson.ts": {"path":"E:\\PROJECTS\\wongames\\src\\data\\useCases\\db-add-lesson.ts","statementMap":{"0":{"start":{"line":4,"column":33},"end":{"line":4,"column":73}},"1":{"start":{"line":5,"column":8},"end":{"line":5,"column":55}},"2":{"start":{"line":9,"column":23},"end":{"line":9,"column":69}},"3":{"start":{"line":10,"column":8},"end":{"line":10,"column":28}},"4":{"start":{"line":11,"column":8},"end":{"line":11,"column":22}},"5":{"start":{"line":3,"column":0},"end":{"line":3,"column":13}}},"fnMap":{"0":{"name":"(anonymous_0)","decl":{"start":{"line":4,"column":4},"end":{"line":4,"column":33}},"loc":{"start":{"line":4,"column":73},"end":{"line":6,"column":5}}},"1":{"name":"(anonymous_1)","decl":{"start":{"line":8,"column":4},"end":{"line":8,"column":9}},"loc":{"start":{"line":8,"column":42},"end":{"line":12,"column":5}}}},"branchMap":{},"s":{"0":3,"1":3,"2":3,"3":2,"4":2,"5":1},"f":{"0":3,"1":3},"b":{}}
,"E:\\PROJECTS\\wongames\\src\\infra\\db\\mongodb\\lesson-mongo-repository.ts": {"path":"E:\\PROJECTS\\wongames\\src\\infra\\db\\mongodb\\lesson-mongo-repository.ts","statementMap":{"0":{"start":{"line":3,"column":0},"end":{"line":3,"column":45}},"1":{"start":{"line":7,"column":33},"end":{"line":7,"column":69}},"2":{"start":{"line":8,"column":23},"end":{"line":8,"column":67}},"3":{"start":{"line":9,"column":8},"end":{"line":9,"column":31}},"4":{"start":{"line":5,"column":0},"end":{"line":5,"column":13}}},"fnMap":{"0":{"name":"(anonymous_0)","decl":{"start":{"line":6,"column":4},"end":{"line":6,"column":9}},"loc":{"start":{"line":6,"column":42},"end":{"line":10,"column":5}}}},"branchMap":{},"s":{"0":1,"1":1,"2":1,"3":1,"4":1},"f":{"0":1},"b":{}}
,"E:\\PROJECTS\\wongames\\src\\infra\\db\\mongodb\\mongo-helper.ts": {"path":"E:\\PROJECTS\\wongames\\src\\infra\\db\\mongodb\\mongo-helper.ts","statementMap":{"0":{"start":{"line":1,"column":0},"end":{"line":1,"column":50}},"1":{"start":{"line":3,"column":13},"end":{"line":25,"column":2}},"2":{"start":{"line":8,"column":8},"end":{"line":8,"column":23}},"3":{"start":{"line":9,"column":8},"end":{"line":9,"column":53}},"4":{"start":{"line":13,"column":8},"end":{"line":13,"column":34}},"5":{"start":{"line":14,"column":8},"end":{"line":14,"column":27}},"6":{"start":{"line":18,"column":8},"end":{"line":18,"column":49}},"7":{"start":{"line":22,"column":33},"end":{"line":22,"column":37}},"8":{"start":{"line":23,"column":8},"end":{"line":23,"column":50}}},"fnMap":{"0":{"name":"(anonymous_0)","decl":{"start":{"line":7,"column":4},"end":{"line":7,"column":9}},"loc":{"start":{"line":7,"column":29},"end":{"line":10,"column":5}}},"1":{"name":"(anonymous_1)","decl":{"start":{"line":12,"column":4},"end":{"line":12,"column":9}},"loc":{"start":{"line":12,"column":20},"end":{"line":15,"column":5}}},"2":{"name":"(anonymous_2)","decl":{"start":{"line":17,"column":4},"end":{"line":17,"column":17}},"loc":{"start":{"line":17,"column":30},"end":{"line":19,"column":5}}},"3":{"name":"(anonymous_3)","decl":{"start":{"line":21,"column":9},"end":{"line":21,"column":10}},"loc":{"start":{"line":21,"column":28},"end":{"line":24,"column":5}}}},"branchMap":{},"s":{"0":1,"1":1,"2":1,"3":1,"4":1,"5":1,"6":2,"7":0,"8":0},"f":{"0":1,"1":1,"2":2,"3":0},"b":{}}
,"E:\\PROJECTS\\wongames\\src\\presentation\\controllers\\lesson.ts": {"path":"E:\\PROJECTS\\wongames\\src\\presentation\\controllers\\lesson.ts","statementMap":{"0":{"start":{"line":2,"column":0},"end":{"line":2,"column":65}},"1":{"start":{"line":3,"column":0},"end":{"line":3,"column":72}},"2":{"start":{"line":7,"column":33},"end":{"line":7,"column":53}},"3":{"start":{"line":8,"column":8},"end":{"line":8,"column":35}},"4":{"start":{"line":12,"column":8},"end":{"line":32,"column":null}},"5":{"start":{"line":13,"column":35},"end":{"line":13,"column":62}},"6":{"start":{"line":15,"column":12},"end":{"line":19,"column":null}},"7":{"start":{"line":16,"column":16},"end":{"line":18,"column":null}},"8":{"start":{"line":17,"column":20},"end":{"line":17,"column":81}},"9":{"start":{"line":21,"column":46},"end":{"line":21,"column":62}},"10":{"start":{"line":23,"column":12},"end":{"line":25,"column":null}},"11":{"start":{"line":24,"column":16},"end":{"line":24,"column":80}},"12":{"start":{"line":27,"column":27},"end":{"line":27,"column":78}},"13":{"start":{"line":29,"column":12},"end":{"line":29,"column":35}},"14":{"start":{"line":31,"column":12},"end":{"line":31,"column":33}},"15":{"start":{"line":6,"column":0},"end":{"line":6,"column":13}}},"fnMap":{"0":{"name":"(anonymous_0)","decl":{"start":{"line":7,"column":4},"end":{"line":7,"column":33}},"loc":{"start":{"line":7,"column":53},"end":{"line":9,"column":5}}},"1":{"name":"(anonymous_1)","decl":{"start":{"line":11,"column":4},"end":{"line":11,"column":9}},"loc":{"start":{"line":11,"column":41},"end":{"line":33,"column":5}}}},"branchMap":{"0":{"loc":{"start":{"line":16,"column":16},"end":{"line":18,"column":null}},"type":"if","locations":[{"start":{"line":16,"column":16},"end":{"line":18,"column":null}}]},"1":{"loc":{"start":{"line":23,"column":12},"end":{"line":25,"column":null}},"type":"if","locations":[{"start":{"line":23,"column":12},"end":{"line":25,"column":null}}]}},"s":{"0":1,"1":1,"2":7,"3":7,"4":7,"5":7,"6":7,"7":13,"8":3,"9":4,"10":4,"11":1,"12":3,"13":2,"14":1,"15":1},"f":{"0":7,"1":7},"b":{"0":[3],"1":[1]}}
,"E:\\PROJECTS\\wongames\\src\\presentation\\errors\\base-error-exception.ts": {"path":"E:\\PROJECTS\\wongames\\src\\presentation\\errors\\base-error-exception.ts","statementMap":{"0":{"start":{"line":8,"column":8},"end":{"line":8,"column":71}},"1":{"start":{"line":6,"column":0},"end":{"line":6,"column":22}}},"fnMap":{"0":{"name":"(anonymous_0)","decl":{"start":{"line":7,"column":4},"end":{"line":7,"column":26}},"loc":{"start":{"line":7,"column":56},"end":{"line":9,"column":5}}}},"branchMap":{"0":{"loc":{"start":{"line":8,"column":14},"end":{"line":8,"column":69}},"type":"cond-expr","locations":[{"start":{"line":8,"column":22},"end":{"line":8,"column":43}},{"start":{"line":8,"column":46},"end":{"line":8,"column":69}}]}},"s":{"0":7,"1":1},"f":{"0":7},"b":{"0":[7,0]}}
,"E:\\PROJECTS\\wongames\\src\\presentation\\errors\\invalid-param-error.ts": {"path":"E:\\PROJECTS\\wongames\\src\\presentation\\errors\\invalid-param-error.ts","statementMap":{"0":{"start":{"line":1,"column":0},"end":{"line":1,"column":85}},"1":{"start":{"line":5,"column":8},"end":{"line":8,"column":11}},"2":{"start":{"line":9,"column":8},"end":{"line":9,"column":40}},"3":{"start":{"line":3,"column":0},"end":{"line":3,"column":13}}},"fnMap":{"0":{"name":"(anonymous_0)","decl":{"start":{"line":4,"column":4},"end":{"line":4,"column":16}},"loc":{"start":{"line":4,"column":46},"end":{"line":10,"column":5}}}},"branchMap":{},"s":{"0":1,"1":2,"2":2,"3":1},"f":{"0":2},"b":{}}
,"E:\\PROJECTS\\wongames\\src\\presentation\\errors\\missing-param-error.ts": {"path":"E:\\PROJECTS\\wongames\\src\\presentation\\errors\\missing-param-error.ts","statementMap":{"0":{"start":{"line":1,"column":0},"end":{"line":1,"column":85}},"1":{"start":{"line":5,"column":8},"end":{"line":8,"column":11}},"2":{"start":{"line":9,"column":8},"end":{"line":9,"column":40}},"3":{"start":{"line":3,"column":0},"end":{"line":3,"column":13}}},"fnMap":{"0":{"name":"(anonymous_0)","decl":{"start":{"line":4,"column":4},"end":{"line":4,"column":16}},"loc":{"start":{"line":4,"column":46},"end":{"line":10,"column":5}}}},"branchMap":{},"s":{"0":1,"1":5,"2":5,"3":1},"f":{"0":5},"b":{}}
,"E:\\PROJECTS\\wongames\\src\\presentation\\errors\\server-error.ts": {"path":"E:\\PROJECTS\\wongames\\src\\presentation\\errors\\server-error.ts","statementMap":{"0":{"start":{"line":3,"column":8},"end":{"line":3,"column":39}},"1":{"start":{"line":4,"column":8},"end":{"line":4,"column":34}},"2":{"start":{"line":1,"column":0},"end":{"line":1,"column":13}}},"fnMap":{"0":{"name":"(anonymous_0)","decl":{"start":{"line":2,"column":4},"end":{"line":2,"column":null}},"loc":{"start":{"line":2,"column":4},"end":{"line":5,"column":5}}}},"branchMap":{},"s":{"0":2,"1":2,"2":1},"f":{"0":2},"b":{}}
,"E:\\PROJECTS\\wongames\\src\\presentation\\helpers\\http-helper.ts": {"path":"E:\\PROJECTS\\wongames\\src\\presentation\\helpers\\http-helper.ts","statementMap":{"0":{"start":{"line":3,"column":0},"end":{"line":3,"column":40}},"1":{"start":{"line":6,"column":26},"end":{"line":9,"column":2}},"2":{"start":{"line":6,"column":59},"end":{"line":9,"column":2}},"3":{"start":{"line":6,"column":13},"end":{"line":6,"column":26}},"4":{"start":{"line":11,"column":24},"end":{"line":14,"column":2}},"5":{"start":{"line":11,"column":57},"end":{"line":14,"column":2}},"6":{"start":{"line":11,"column":13},"end":{"line":11,"column":24}},"7":{"start":{"line":16,"column":27},"end":{"line":19,"column":2}},"8":{"start":{"line":16,"column":48},"end":{"line":19,"column":2}},"9":{"start":{"line":16,"column":13},"end":{"line":16,"column":27}},"10":{"start":{"line":21,"column":23},"end":{"line":24,"column":2}},"11":{"start":{"line":21,"column":53},"end":{"line":24,"column":2}},"12":{"start":{"line":21,"column":13},"end":{"line":21,"column":23}}},"fnMap":{"0":{"name":"(anonymous_0)","decl":{"start":{"line":6,"column":26},"end":{"line":6,"column":27}},"loc":{"start":{"line":6,"column":59},"end":{"line":9,"column":2}}},"1":{"name":"(anonymous_1)","decl":{"start":{"line":11,"column":24},"end":{"line":11,"column":25}},"loc":{"start":{"line":11,"column":57},"end":{"line":14,"column":2}}},"2":{"name":"(anonymous_2)","decl":{"start":{"line":16,"column":27},"end":{"line":16,"column":44}},"loc":{"start":{"line":16,"column":48},"end":{"line":19,"column":2}}},"3":{"name":"(anonymous_3)","decl":{"start":{"line":21,"column":23},"end":{"line":21,"column":24}},"loc":{"start":{"line":21,"column":53},"end":{"line":24,"column":2}}}},"branchMap":{},"s":{"0":1,"1":1,"2":3,"3":1,"4":1,"5":1,"6":1,"7":1,"8":1,"9":1,"10":1,"11":2,"12":1},"f":{"0":3,"1":1,"2":1,"3":2},"b":{}}
}
