TN:
SF:src\data\useCases\db-add-lesson.ts
FN:4,(anonymous_0)
FN:8,(anonymous_1)
FNF:2
FNH:2
FNDA:7,(anonymous_0)
FNDA:4,(anonymous_1)
DA:3,5
DA:4,7
DA:5,7
DA:9,4
DA:10,3
LF:5
LH:5
BRF:0
BRH:0
end_of_record
TN:
SF:src\infra\db\mongodb\lesson-mongo-repository.ts
FN:6,(anonymous_0)
FNF:1
FNH:1
FNDA:2,(anonymous_0)
DA:3,5
DA:5,5
DA:7,2
DA:8,2
DA:9,2
LF:5
LH:5
BRF:0
BRH:0
end_of_record
TN:
SF:src\infra\db\mongodb\mongo-helper.ts
FN:9,(anonymous_0)
FN:14,(anonymous_1)
FN:19,(anonymous_2)
FN:23,(anonymous_3)
FNF:4
FNH:3
FNDA:2,(anonymous_0)
FNDA:2,(anonymous_1)
FNDA:4,(anonymous_2)
FNDA:0,(anonymous_3)
DA:3,5
DA:5,5
DA:10,2
DA:11,2
DA:15,2
DA:16,2
DA:20,4
DA:24,0
DA:25,0
LF:9
LH:7
BRF:0
BRH:0
end_of_record
TN:
SF:src\presentation\controllers\lesson.ts
FN:7,(anonymous_0)
FN:11,(anonymous_1)
FNF:2
FNH:2
FNDA:11,(anonymous_0)
FNDA:8,(anonymous_1)
DA:2,5
DA:3,5
DA:6,5
DA:7,11
DA:8,11
DA:12,8
DA:13,8
DA:15,8
DA:16,15
DA:17,3
DA:21,5
DA:23,5
DA:24,1
DA:27,4
DA:29,3
DA:31,1
LF:16
LH:16
BRDA:16,0,0,3
BRDA:23,1,0,1
BRF:2
BRH:2
end_of_record
TN:
SF:src\presentation\errors\base-error-exception.ts
FN:7,(anonymous_0)
FNF:1
FNH:1
FNDA:7,(anonymous_0)
DA:6,5
DA:8,7
LF:2
LH:2
BRDA:8,0,0,7
BRDA:8,0,1,0
BRF:2
BRH:1
end_of_record
TN:
SF:src\presentation\errors\invalid-param-error.ts
FN:4,(anonymous_0)
FNF:1
FNH:1
FNDA:2,(anonymous_0)
DA:1,5
DA:3,5
DA:5,2
DA:9,2
LF:4
LH:4
BRF:0
BRH:0
end_of_record
TN:
SF:src\presentation\errors\missing-param-error.ts
FN:4,(anonymous_0)
FNF:1
FNH:1
FNDA:5,(anonymous_0)
DA:1,5
DA:3,5
DA:5,5
DA:9,5
LF:4
LH:4
BRF:0
BRH:0
end_of_record
TN:
SF:src\presentation\errors\server-error.ts
FN:2,(anonymous_0)
FNF:1
FNH:1
FNDA:2,(anonymous_0)
DA:1,5
DA:3,2
DA:4,2
LF:3
LH:3
BRF:0
BRH:0
end_of_record
TN:
SF:src\presentation\helpers\http-helper.ts
FN:6,(anonymous_0)
FN:11,(anonymous_1)
FN:16,(anonymous_2)
FN:21,(anonymous_3)
FNF:4
FNH:4
FNDA:3,(anonymous_0)
FNDA:1,(anonymous_1)
FNDA:1,(anonymous_2)
FNDA:3,(anonymous_3)
DA:3,5
DA:6,5
DA:11,5
DA:16,5
DA:21,5
LF:5
LH:5
BRF:0
BRH:0
end_of_record
